<?xml version="1.0" encoding="UTF-8"?>
<TestRun id="e166f77a-cc4c-4714-ab81-d09e779fd400" name="P004785@CDCDSGH426R5BR 2014-12-03 17:33:51" runUser="MCP\P004785" xmlns="http://microsoft.com/schemas/VisualStudio/TeamTest/2010">
  <TestSettings name="Local" id="e514b1e4-3e3e-4abd-9dae-d21b6762350c">
    <Description>These are default test settings for a local test run.</Description>
    <Deployment enabled="false" runDeploymentRoot="P004785_CDCDSGH426R5BR 2014-12-03 17_33_51">
      <DeploymentItem filename="D:\Projz\Panacea\Panacea\bin\Debug\Panacea.dll" />
    </Deployment>
    <Execution>
      <TestTypeSpecific />
      <AgentRule name="Execution Agents">
      </AgentRule>
    </Execution>
  </TestSettings>
  <Times creation="2014-12-03T17:33:51.1362029+08:00" queuing="2014-12-03T17:33:51.8102703+08:00" start="2014-12-03T17:33:51.8432736+08:00" finish="2014-12-03T17:33:52.2663159+08:00" />
  <ResultSummary outcome="Completed">
    <Counters total="1" executed="1" passed="1" error="0" failed="0" timeout="0" aborted="0" inconclusive="0" passedButRunAborted="0" notRunnable="0" notExecuted="0" disconnected="0" warning="0" completed="0" inProgress="0" pending="0" />
  </ResultSummary>
  <TestDefinitions>
    <UnitTest name="TestShuffle" storage="d:\projz\panacea\panacea.tests\bin\debug\panacea.tests.dll" id="b69102e2-5606-5f46-17c6-fe98f5b32fac">
      <Execution id="299d3354-58f5-45fb-bbe5-c2ae23a2a605" />
      <TestMethod codeBase="D:/Projz/Panacea/Panacea.Tests/bin/Debug/Panacea.Tests.DLL" adapterTypeName="Microsoft.VisualStudio.TestTools.TestTypes.Unit.UnitTestAdapter, Microsoft.VisualStudio.QualityTools.Tips.UnitTest.Adapter, Version=10.0.0.0, Culture=neutral, PublicKeyToken=b03f5f7f11d50a3a" className="Panacea.Tests.CoreTests, Panacea.Tests, Version=1.0.0.0, Culture=neutral, PublicKeyToken=null" name="TestShuffle" />
    </UnitTest>
  </TestDefinitions>
  <TestLists>
    <TestList name="Results Not in a List" id="8c84fa94-04c1-424b-9868-57a2d4851a1d" />
    <TestList name="All Loaded Results" id="19431567-8539-422a-85d7-44ee4e166bda" />
  </TestLists>
  <TestEntries>
    <TestEntry testId="b69102e2-5606-5f46-17c6-fe98f5b32fac" executionId="299d3354-58f5-45fb-bbe5-c2ae23a2a605" testListId="8c84fa94-04c1-424b-9868-57a2d4851a1d" />
  </TestEntries>
  <Results>
    <UnitTestResult executionId="299d3354-58f5-45fb-bbe5-c2ae23a2a605" testId="b69102e2-5606-5f46-17c6-fe98f5b32fac" testName="TestShuffle" computerName="CDCDSGH426R5BR" duration="00:00:00.0337459" startTime="2014-12-03T17:33:51.8642757+08:00" endTime="2014-12-03T17:33:52.2223115+08:00" testType="13cdc9d9-ddb5-4fa4-a97d-d965ccfc6d4b" outcome="Passed" testListId="8c84fa94-04c1-424b-9868-57a2d4851a1d" relativeResultsDirectory="299d3354-58f5-45fb-bbe5-c2ae23a2a605">
      <Output>
        <DebugTrace>ETMIINUNNOMUIPNONSRLEELLTGSTRTTTLUROT
</DebugTrace>
      </Output>
    </UnitTestResult>
  </Results>
</TestRun>